<?xml version="1.0" encoding="UTF-8"?>
<coverage generated="1648307225376" clover="3.2.0">
  <project timestamp="1648307225376" name="All files">
    <metrics statements="17" coveredstatements="17" conditionals="0" coveredconditionals="0" methods="10" coveredmethods="10" elements="27" coveredelements="27" complexity="0" loc="17" ncloc="17" packages="1" files="2" classes="2"/>
    <file name="arith.js" path="/home/henriquegomes/Desenvolvimento/testingWithJest/arith.js">
      <metrics statements="5" coveredstatements="5" conditionals="0" coveredconditionals="0" methods="4" coveredmethods="4"/>
      <line num="1" count="4" type="stmt"/>
      <line num="2" count="4" type="stmt"/>
      <line num="3" count="5" type="stmt"/>
      <line num="4" count="5" type="stmt"/>
      <line num="6" count="3" type="stmt"/>
    </file>
    <file name="math-utils.js" path="/home/henriquegomes/Desenvolvimento/testingWithJest/math-utils.js">
      <metrics statements="12" coveredstatements="12" conditionals="0" coveredconditionals="0" methods="6" coveredmethods="6"/>
      <line num="1" count="1" type="stmt"/>
      <line num="2" count="1" type="stmt"/>
      <line num="4" count="1" type="stmt"/>
      <line num="5" count="6" type="stmt"/>
      <line num="8" count="1" type="stmt"/>
      <line num="11" count="1" type="stmt"/>
      <line num="12" count="1" type="stmt"/>
      <line num="13" count="6" type="stmt"/>
      <line num="17" count="1" type="stmt"/>
      <line num="18" count="1" type="stmt"/>
      <line num="19" count="6" type="stmt"/>
      <line num="23" count="1" type="stmt"/>
    </file>
  </project>
</coverage>
