{"/home/henriquegomes/Desenvolvimento/testingWithJest/arith.js": {"path":"/home/henriquegomes/Desenvolvimento/testingWithJest/arith.js","statementMap":{"0":{"start":{"line":1,"column":12},"end":{"line":1,"column":27}},"1":{"start":{"line":1,"column":22},"end":{"line":1,"column":27}},"2":{"start":{"line":2,"column":12},"end":{"line":2,"column":27}},"3":{"start":{"line":2,"column":22},"end":{"line":2,"column":27}},"4":{"start":{"line":3,"column":12},"end":{"line":3,"column":27}},"5":{"start":{"line":3,"column":22},"end":{"line":3,"column":27}},"6":{"start":{"line":4,"column":12},"end":{"line":4,"column":27}},"7":{"start":{"line":4,"column":22},"end":{"line":4,"column":27}},"8":{"start":{"line":6,"column":0},"end":{"line":6,"column":40}}},"fnMap":{"0":{"name":"(anonymous_0)","decl":{"start":{"line":1,"column":12},"end":{"line":1,"column":13}},"loc":{"start":{"line":1,"column":22},"end":{"line":1,"column":27}},"line":1},"1":{"name":"(anonymous_1)","decl":{"start":{"line":2,"column":12},"end":{"line":2,"column":13}},"loc":{"start":{"line":2,"column":22},"end":{"line":2,"column":27}},"line":2},"2":{"name":"(anonymous_2)","decl":{"start":{"line":3,"column":12},"end":{"line":3,"column":13}},"loc":{"start":{"line":3,"column":22},"end":{"line":3,"column":27}},"line":3},"3":{"name":"(anonymous_3)","decl":{"start":{"line":4,"column":12},"end":{"line":4,"column":13}},"loc":{"start":{"line":4,"column":22},"end":{"line":4,"column":27}},"line":4}},"branchMap":{},"s":{"0":3,"1":4,"2":3,"3":4,"4":3,"5":5,"6":3,"7":5,"8":3},"f":{"0":4,"1":4,"2":5,"3":5},"b":{},"_coverageSchema":"1a1c01bbd47fc00a2c39e90264f33305004495a9","hash":"82404373e7d71898e4f3add330ca6af3671aa146"}
,"/home/henriquegomes/Desenvolvimento/testingWithJest/math-utils.js": {"path":"/home/henriquegomes/Desenvolvimento/testingWithJest/math-utils.js","statementMap":{"0":{"start":{"line":1,"column":12},"end":{"line":9,"column":1}},"1":{"start":{"line":2,"column":12},"end":{"line":2,"column":13}},"2":{"start":{"line":4,"column":2},"end":{"line":6,"column":5}},"3":{"start":{"line":5,"column":4},"end":{"line":5,"column":15}},"4":{"start":{"line":8,"column":2},"end":{"line":8,"column":13}},"5":{"start":{"line":11,"column":17},"end":{"line":15,"column":1}},"6":{"start":{"line":12,"column":2},"end":{"line":14,"column":5}},"7":{"start":{"line":13,"column":4},"end":{"line":13,"column":17}},"8":{"start":{"line":17,"column":17},"end":{"line":21,"column":1}},"9":{"start":{"line":18,"column":2},"end":{"line":20,"column":5}},"10":{"start":{"line":19,"column":4},"end":{"line":19,"column":17}},"11":{"start":{"line":23,"column":0},"end":{"line":23,"column":45}}},"fnMap":{"0":{"name":"(anonymous_0)","decl":{"start":{"line":1,"column":12},"end":{"line":1,"column":13}},"loc":{"start":{"line":1,"column":22},"end":{"line":9,"column":1}},"line":1},"1":{"name":"(anonymous_1)","decl":{"start":{"line":4,"column":15},"end":{"line":4,"column":16}},"loc":{"start":{"line":4,"column":24},"end":{"line":6,"column":3}},"line":4},"2":{"name":"(anonymous_2)","decl":{"start":{"line":11,"column":17},"end":{"line":11,"column":18}},"loc":{"start":{"line":11,"column":27},"end":{"line":15,"column":1}},"line":11},"3":{"name":"(anonymous_3)","decl":{"start":{"line":12,"column":21},"end":{"line":12,"column":22}},"loc":{"start":{"line":12,"column":28},"end":{"line":14,"column":3}},"line":12},"4":{"name":"(anonymous_4)","decl":{"start":{"line":17,"column":17},"end":{"line":17,"column":18}},"loc":{"start":{"line":17,"column":27},"end":{"line":21,"column":1}},"line":17},"5":{"name":"(anonymous_5)","decl":{"start":{"line":18,"column":21},"end":{"line":18,"column":22}},"loc":{"start":{"line":18,"column":28},"end":{"line":20,"column":3}},"line":18}},"branchMap":{},"s":{"0":1,"1":1,"2":1,"3":6,"4":1,"5":1,"6":1,"7":6,"8":1,"9":1,"10":6,"11":1},"f":{"0":1,"1":6,"2":1,"3":6,"4":1,"5":6},"b":{},"_coverageSchema":"1a1c01bbd47fc00a2c39e90264f33305004495a9","hash":"a11cd189f63aef0a8549cd7ec3fa88d02734c7fb"}
}
