TN:
SF:arith.js
FN:1,(anonymous_0)
FN:2,(anonymous_1)
FN:3,(anonymous_2)
FN:4,(anonymous_3)
FNF:4
FNH:4
FNDA:4,(anonymous_0)
FNDA:4,(anonymous_1)
FNDA:5,(anonymous_2)
FNDA:5,(anonymous_3)
DA:1,4
DA:2,4
DA:3,5
DA:4,5
DA:6,3
LF:5
LH:5
BRF:0
BRH:0
end_of_record
TN:
SF:math-utils.js
FN:1,(anonymous_0)
FN:4,(anonymous_1)
FN:11,(anonymous_2)
FN:12,(anonymous_3)
FN:17,(anonymous_4)
FN:18,(anonymous_5)
FNF:6
FNH:6
FNDA:1,(anonymous_0)
FNDA:6,(anonymous_1)
FNDA:1,(anonymous_2)
FNDA:6,(anonymous_3)
FNDA:1,(anonymous_4)
FNDA:6,(anonymous_5)
DA:1,1
DA:2,1
DA:4,1
DA:5,6
DA:8,1
DA:11,1
DA:12,1
DA:13,6
DA:17,1
DA:18,1
DA:19,6
DA:23,1
LF:12
LH:12
BRF:0
BRH:0
end_of_record
